1553011635177	geckodriver	INFO	geckodriver 0.21.0
1553011635237	geckodriver	INFO	Listening on 127.0.0.1:42669
1553011636166	mozrunner::runner	INFO	Running command: "/usr/bin/firefox" "-marionette" "-foreground" "-no-remote" "-profile" "/tmp/rust_mozprofile.Da3eiwMn1zp0"
1553011640762	addons.webextension.screenshots@mozilla.org	WARN	Loading extension 'screenshots@mozilla.org': Reading manifest: Invalid host permission: resource://pdf.js/
1553011640762	addons.webextension.screenshots@mozilla.org	WARN	Loading extension 'screenshots@mozilla.org': Reading manifest: Invalid host permission: about:reader*
1553011641110	Marionette	TRACE	Received observer notification profile-after-change
1553011641718	Marionette	TRACE	Received observer notification command-line-startup
1553011641718	Marionette	TRACE	Received observer notification nsPref:changed
1553011641718	Marionette	DEBUG	Init aborted (running=false, enabled=true, finalUIStartup=false)
1553011642958	Marionette	TRACE	Received observer notification toplevel-window-ready
1553011645741	Marionette	TRACE	Received observer notification sessionstore-windows-restored
1553011645742	Marionette	TRACE	Waiting until startup recorder finished recording startup scripts...
1553011646132	Marionette	TRACE	All scripts recorded.
1553011646133	Marionette	DEBUG	Setting recommended pref app.update.disabledForTesting to true
1553011646133	Marionette	DEBUG	Setting recommended pref apz.content_response_timeout to 60000
1553011646133	Marionette	DEBUG	Setting recommended pref browser.contentblocking.introCount to 99
1553011646133	Marionette	DEBUG	Setting recommended pref browser.download.panel.shown to true
1553011646134	Marionette	DEBUG	Setting recommended pref browser.newtabpage.enabled to false
1553011646134	Marionette	DEBUG	Setting recommended pref browser.pagethumbnails.capturing_disabled to true
1553011646134	Marionette	DEBUG	Setting recommended pref browser.search.update to false
1553011646135	Marionette	DEBUG	Setting recommended pref browser.tabs.disableBackgroundZombification to false
1553011646135	Marionette	DEBUG	Setting recommended pref browser.tabs.warnOnCloseOtherTabs to false
1553011646135	Marionette	DEBUG	Setting recommended pref browser.tabs.warnOnOpen to false
1553011646135	Marionette	DEBUG	Setting recommended pref browser.usedOnWindows10.introURL to 
1553011646135	Marionette	DEBUG	Setting recommended pref browser.urlbar.suggest.searches to false
1553011646136	Marionette	DEBUG	Setting recommended pref datareporting.policy.dataSubmissionPolicyAccepted to false
1553011646136	Marionette	DEBUG	Setting recommended pref dom.disable_beforeunload to true
1553011646136	Marionette	DEBUG	Setting recommended pref dom.disable_open_during_load to false
1553011646136	Marionette	DEBUG	Setting recommended pref dom.file.createInChild to true
1553011646136	Marionette	DEBUG	Setting recommended pref dom.max_chrome_script_run_time to 0
1553011646136	Marionette	DEBUG	Setting recommended pref dom.max_script_run_time to 0
1553011646136	Marionette	DEBUG	Setting recommended pref extensions.getAddons.cache.enabled to false
1553011646136	Marionette	DEBUG	Setting recommended pref extensions.webservice.discoverURL to http://%(server)s/dummy/discoveryURL
1553011646137	Marionette	DEBUG	Setting recommended pref network.http.prompt-temp-redirect to false
1553011646137	Marionette	DEBUG	Setting recommended pref network.http.speculative-parallel-limit to 0
1553011646137	Marionette	DEBUG	Setting recommended pref security.fileuri.strict_origin_policy to false
1553011646137	Marionette	DEBUG	Setting recommended pref security.notification_enable_delay to 0
1553011646137	Marionette	DEBUG	Setting recommended pref signon.autofillForms to false
1553011646137	Marionette	DEBUG	Setting recommended pref signon.rememberSignons to false
1553011646137	Marionette	DEBUG	Setting recommended pref toolkit.cosmeticAnimations.enabled to false
1553011646247	Marionette	INFO	Listening on port 39221
1553011646247	Marionette	DEBUG	Remote service is active
1553011646293	Marionette	DEBUG	Accepted connection 0 from 127.0.0.1:42076
1553011646296	Marionette	DEBUG	0 -> [0,1,"WebDriver:NewSession",{"acceptInsecureCerts":true,"browserName":"firefox","capabilities":{"desiredCapabilities":{"acceptInsecureCerts":true,"browserName":"firefox"}}}]
1553011646296	Marionette	WARN	TLS certificate errors will be ignored for this session
1553011646335	Marionette	TRACE	[4294967297] Frame script loaded
1553011646336	Marionette	TRACE	[4294967297] Frame script registered
1553011646340	Marionette	DEBUG	0 <- [1,1,null,{"sessionId":"5a0d2afc-8234-4275-8dc4-1b062083efe9","capabilities":{"browserName":"firefox","browserVersion":"65.0. ... alse,"moz:webdriverClick":true,"capabilities":{"desiredCapabilities":{"acceptInsecureCerts":true,"browserName":"firefox"}}}}]
1553011646386	Marionette	DEBUG	0 -> [0,2,"WebDriver:Navigate",{"url":"http://rs.xidian.edu.cn/forum.php?mod=viewthread&tid=979023"}]
1553011646394	Marionette	TRACE	[4294967297] Received DOM event beforeunload for about:blank
1553011646583	Marionette	TRACE	[4294967297] Received DOM event pagehide for about:blank
1553011646930	Marionette	TRACE	[4294967297] Received DOM event DOMContentLoaded for http://rs.xidian.edu.cn/member.php?mod=logging&action=login&referer=http%3A%2F%2Frs.xidian.edu.cn%2Fforum.php%3Fmod%3Dviewthread%26tid%3D979023
1553011647629	Marionette	TRACE	[4294967297] Received DOM event pageshow for http://rs.xidian.edu.cn/member.php?mod=logging&action=login&referer=http%3A%2F%2Frs.xidian.edu.cn%2Fforum.php%3Fmod%3Dviewthread%26tid%3D979023
1553011647631	Marionette	DEBUG	0 <- [1,2,null,{"value":null}]
1553011648718	Marionette	DEBUG	0 -> [0,3,"WebDriver:ExecuteScript",{"args":[],"newSandbox":false,"script":"window.scrollTo(0,document.body.scrollHeight)","scriptTimeout":null,"specialPowers":false}]
1553011648723	Marionette	DEBUG	0 <- [1,3,null,{"value":null}]
1553011649727	Marionette	DEBUG	0 -> [0,4,"WebDriver:CloseWindow",{}]
1553011649728	Marionette	DEBUG	0 <- [1,4,null,[]]
1553011649728	Marionette	DEBUG	0 -> [0,5,"Marionette:Quit",{"flags":["eForceQuit"]}]
1553011649729	Marionette	INFO	Stopped listening on port 39221
1553011649783	Marionette	DEBUG	0 <- [1,5,null,{"cause":"shutdown"}]
1553011649863	Marionette	DEBUG	Closed connection 0
[Parent 10631, Gecko_IOThread] WARNING: pipe error (69): 连接被对方重设: file /build/firefox-DVGW0d/firefox-65.0.1+build2/ipc/chromium/src/chrome/common/ipc_channel_posix.cc, line 349
[Parent 10631, Gecko_IOThread] WARNING: pipe error (85): 连接被对方重设: file /build/firefox-DVGW0d/firefox-65.0.1+build2/ipc/chromium/src/chrome/common/ipc_channel_posix.cc, line 349
1553011650422	Marionette	TRACE	Received observer notification xpcom-will-shutdown
1553011650425	Marionette	DEBUG	Resetting recommended pref app.update.disabledForTesting
1553011650425	Marionette	DEBUG	Resetting recommended pref apz.content_response_timeout
1553011650425	Marionette	DEBUG	Resetting recommended pref browser.contentblocking.introCount
1553011650425	Marionette	DEBUG	Resetting recommended pref browser.download.panel.shown
1553011650425	Marionette	DEBUG	Resetting recommended pref browser.newtabpage.enabled
1553011650426	Marionette	DEBUG	Resetting recommended pref browser.pagethumbnails.capturing_disabled
1553011650426	Marionette	DEBUG	Resetting recommended pref browser.search.update
1553011650426	Marionette	DEBUG	Resetting recommended pref browser.tabs.disableBackgroundZombification
1553011650426	Marionette	DEBUG	Resetting recommended pref browser.tabs.warnOnCloseOtherTabs
1553011650427	Marionette	DEBUG	Resetting recommended pref browser.tabs.warnOnOpen
1553011650427	Marionette	DEBUG	Resetting recommended pref browser.usedOnWindows10.introURL
1553011650427	Marionette	DEBUG	Resetting recommended pref browser.urlbar.suggest.searches
1553011650427	Marionette	DEBUG	Resetting recommended pref datareporting.policy.dataSubmissionPolicyAccepted
1553011650427	Marionette	DEBUG	Resetting recommended pref dom.disable_beforeunload
1553011650427	Marionette	DEBUG	Resetting recommended pref dom.disable_open_during_load
1553011650428	Marionette	DEBUG	Resetting recommended pref dom.file.createInChild
1553011650428	Marionette	DEBUG	Resetting recommended pref dom.max_chrome_script_run_time
1553011650428	Marionette	DEBUG	Resetting recommended pref dom.max_script_run_time
1553011650428	Marionette	DEBUG	Resetting recommended pref extensions.getAddons.cache.enabled
1553011650428	Marionette	DEBUG	Resetting recommended pref extensions.webservice.discoverURL
1553011650428	Marionette	DEBUG	Resetting recommended pref network.http.prompt-temp-redirect
1553011650428	Marionette	DEBUG	Resetting recommended pref network.http.speculative-parallel-limit
1553011650428	Marionette	DEBUG	Resetting recommended pref security.fileuri.strict_origin_policy
1553011650429	Marionette	DEBUG	Resetting recommended pref security.notification_enable_delay
1553011650429	Marionette	DEBUG	Resetting recommended pref signon.autofillForms
1553011650429	Marionette	DEBUG	Resetting recommended pref signon.rememberSignons
1553011650429	Marionette	DEBUG	Resetting recommended pref toolkit.cosmeticAnimations.enabled
1553011650430	Marionette	DEBUG	Remote service is inactive
1553011769031	geckodriver	INFO	geckodriver 0.21.0
1553011769036	geckodriver	INFO	Listening on 127.0.0.1:36165
1553011770038	mozrunner::runner	INFO	Running command: "/usr/bin/firefox" "-marionette" "-foreground" "-no-remote" "-profile" "/tmp/rust_mozprofile.tYKJpoWzNhHF"
1553011770461	addons.webextension.screenshots@mozilla.org	WARN	Loading extension 'screenshots@mozilla.org': Reading manifest: Invalid host permission: resource://pdf.js/
1553011770461	addons.webextension.screenshots@mozilla.org	WARN	Loading extension 'screenshots@mozilla.org': Reading manifest: Invalid host permission: about:reader*
1553011770615	Marionette	TRACE	Received observer notification profile-after-change
1553011770888	Marionette	TRACE	Received observer notification command-line-startup
1553011770888	Marionette	TRACE	Received observer notification nsPref:changed
1553011770888	Marionette	DEBUG	Init aborted (running=false, enabled=true, finalUIStartup=false)
1553011771537	Marionette	TRACE	Received observer notification toplevel-window-ready
1553011773112	Marionette	TRACE	Received observer notification sessionstore-windows-restored
1553011773113	Marionette	TRACE	Waiting until startup recorder finished recording startup scripts...
1553011773205	Marionette	TRACE	All scripts recorded.
1553011773205	Marionette	DEBUG	Setting recommended pref app.update.disabledForTesting to true
1553011773205	Marionette	DEBUG	Setting recommended pref apz.content_response_timeout to 60000
1553011773205	Marionette	DEBUG	Setting recommended pref browser.contentblocking.introCount to 99
1553011773206	Marionette	DEBUG	Setting recommended pref browser.download.panel.shown to true
1553011773206	Marionette	DEBUG	Setting recommended pref browser.newtabpage.enabled to false
1553011773206	Marionette	DEBUG	Setting recommended pref browser.pagethumbnails.capturing_disabled to true
1553011773207	Marionette	DEBUG	Setting recommended pref browser.search.update to false
1553011773207	Marionette	DEBUG	Setting recommended pref browser.tabs.disableBackgroundZombification to false
1553011773207	Marionette	DEBUG	Setting recommended pref browser.tabs.warnOnCloseOtherTabs to false
1553011773207	Marionette	DEBUG	Setting recommended pref browser.tabs.warnOnOpen to false
1553011773207	Marionette	DEBUG	Setting recommended pref browser.usedOnWindows10.introURL to 
1553011773208	Marionette	DEBUG	Setting recommended pref browser.urlbar.suggest.searches to false
1553011773208	Marionette	DEBUG	Setting recommended pref datareporting.policy.dataSubmissionPolicyAccepted to false
1553011773208	Marionette	DEBUG	Setting recommended pref dom.disable_beforeunload to true
1553011773208	Marionette	DEBUG	Setting recommended pref dom.disable_open_during_load to false
1553011773209	Marionette	DEBUG	Setting recommended pref dom.file.createInChild to true
1553011773209	Marionette	DEBUG	Setting recommended pref dom.max_chrome_script_run_time to 0
1553011773209	Marionette	DEBUG	Setting recommended pref dom.max_script_run_time to 0
1553011773210	Marionette	DEBUG	Setting recommended pref extensions.getAddons.cache.enabled to false
1553011773210	Marionette	DEBUG	Setting recommended pref extensions.webservice.discoverURL to http://%(server)s/dummy/discoveryURL
1553011773210	Marionette	DEBUG	Setting recommended pref network.http.prompt-temp-redirect to false
1553011773210	Marionette	DEBUG	Setting recommended pref network.http.speculative-parallel-limit to 0
1553011773210	Marionette	DEBUG	Setting recommended pref security.fileuri.strict_origin_policy to false
1553011773210	Marionette	DEBUG	Setting recommended pref security.notification_enable_delay to 0
1553011773210	Marionette	DEBUG	Setting recommended pref signon.autofillForms to false
1553011773210	Marionette	DEBUG	Setting recommended pref signon.rememberSignons to false
1553011773210	Marionette	DEBUG	Setting recommended pref toolkit.cosmeticAnimations.enabled to false
1553011773248	Marionette	INFO	Listening on port 45735
1553011773248	Marionette	DEBUG	Remote service is active
1553011773407	Marionette	DEBUG	Accepted connection 0 from 127.0.0.1:47162
1553011773413	Marionette	DEBUG	0 -> [0,1,"WebDriver:NewSession",{"acceptInsecureCerts":true,"browserName":"firefox","capabilities":{"desiredCapabilities":{"acceptInsecureCerts":true,"browserName":"firefox"}}}]
1553011773414	Marionette	WARN	TLS certificate errors will be ignored for this session
1553011773470	Marionette	TRACE	[4294967297] Frame script loaded
1553011773471	Marionette	TRACE	[4294967297] Frame script registered
1553011773476	Marionette	DEBUG	0 <- [1,1,null,{"sessionId":"e03cf438-90f6-4a01-9aa0-b486d728e187","capabilities":{"browserName":"firefox","browserVersion":"65.0. ... alse,"moz:webdriverClick":true,"capabilities":{"desiredCapabilities":{"acceptInsecureCerts":true,"browserName":"firefox"}}}}]
1553011773482	Marionette	DEBUG	0 -> [0,2,"WebDriver:Navigate",{"url":"http://rs.xidian.edu.cn/forum.php?mod=viewthread&tid=979023"}]
1553011773511	Marionette	TRACE	[4294967297] Received DOM event beforeunload for about:blank
1553011773648	Marionette	TRACE	[4294967297] Received DOM event pagehide for about:blank
1553011773889	Marionette	TRACE	[4294967297] Received DOM event DOMContentLoaded for http://rs.xidian.edu.cn/member.php?mod=logging&action=login&referer=http%3A%2F%2Frs.xidian.edu.cn%2Fforum.php%3Fmod%3Dviewthread%26tid%3D979023
1553011774192	Marionette	TRACE	[4294967297] Received DOM event pageshow for http://rs.xidian.edu.cn/member.php?mod=logging&action=login&referer=http%3A%2F%2Frs.xidian.edu.cn%2Fforum.php%3Fmod%3Dviewthread%26tid%3D979023
1553011774193	Marionette	DEBUG	0 <- [1,2,null,{"value":null}]
1553011775200	Marionette	DEBUG	0 -> [0,3,"WebDriver:ExecuteScript",{"args":[],"newSandbox":false,"script":"window.scrollTo(0,document.body.scrollHeight)","scriptTimeout":null,"specialPowers":false}]
1553011775209	Marionette	DEBUG	0 <- [1,3,null,{"value":null}]
1553011776214	Marionette	DEBUG	0 -> [0,4,"WebDriver:GetTitle",{}]
1553011776216	Marionette	DEBUG	0 <- [1,4,null,{"value":"登录 - 西电睿思BBS - Powered by Discuz!"}]
1553011778373	Marionette	DEBUG	0 -> [0,5,"WebDriver:GetTitle",{}]
1553011778374	Marionette	DEBUG	0 <- [1,5,null,{"value":"登录 - 西电睿思BBS - Powered by Discuz!"}]
1553011778478	Marionette	DEBUG	0 -> [0,6,"WebDriver:GetTitle",{}]
1553011778479	Marionette	DEBUG	0 <- [1,6,null,{"value":"登录 - 西电睿思BBS - Powered by Discuz!"}]
1553011778586	Marionette	DEBUG	0 -> [0,7,"WebDriver:GetTitle",{}]
1553011778587	Marionette	DEBUG	0 <- [1,7,null,{"value":"登录 - 西电睿思BBS - Powered by Discuz!"}]
1553011778690	Marionette	DEBUG	0 -> [0,8,"WebDriver:GetTitle",{}]
1553011778691	Marionette	DEBUG	0 <- [1,8,null,{"value":"登录 - 西电睿思BBS - Powered by Discuz!"}]
1553011778795	Marionette	DEBUG	0 -> [0,9,"WebDriver:GetTitle",{}]
1553011778797	Marionette	DEBUG	0 <- [1,9,null,{"value":"登录 - 西电睿思BBS - Powered by Discuz!"}]
1553011778973	Marionette	DEBUG	0 -> [0,10,"WebDriver:GetTitle",{}]
1553011778973	Marionette	DEBUG	0 <- [1,10,null,{"value":"登录 - 西电睿思BBS - Powered by Discuz!"}]
1553011779047	Marionette	DEBUG	0 -> [0,11,"WebDriver:CloseWindow",{}]
1553011779048	Marionette	DEBUG	0 <- [1,11,null,[]]
1553011779053	Marionette	DEBUG	0 -> [0,12,"Marionette:Quit",{"flags":["eForceQuit"]}]
1553011779053	Marionette	INFO	Stopped listening on port 45735
1553011779129	Marionette	DEBUG	0 <- [1,12,null,{"cause":"shutdown"}]
1553011779225	Marionette	DEBUG	Closed connection 0
1553011780096	Marionette	TRACE	Received observer notification xpcom-will-shutdown
1553011780096	Marionette	DEBUG	Resetting recommended pref app.update.disabledForTesting
1553011780096	Marionette	DEBUG	Resetting recommended pref apz.content_response_timeout
1553011780096	Marionette	DEBUG	Resetting recommended pref browser.contentblocking.introCount
1553011780096	Marionette	DEBUG	Resetting recommended pref browser.download.panel.shown
1553011780096	Marionette	DEBUG	Resetting recommended pref browser.newtabpage.enabled
1553011780096	Marionette	DEBUG	Resetting recommended pref browser.pagethumbnails.capturing_disabled
1553011780096	Marionette	DEBUG	Resetting recommended pref browser.search.update
1553011780096	Marionette	DEBUG	Resetting recommended pref browser.tabs.disableBackgroundZombification
1553011780097	Marionette	DEBUG	Resetting recommended pref browser.tabs.warnOnCloseOtherTabs
1553011780097	Marionette	DEBUG	Resetting recommended pref browser.tabs.warnOnOpen
1553011780097	Marionette	DEBUG	Resetting recommended pref browser.usedOnWindows10.introURL
1553011780097	Marionette	DEBUG	Resetting recommended pref browser.urlbar.suggest.searches
1553011780097	Marionette	DEBUG	Resetting recommended pref datareporting.policy.dataSubmissionPolicyAccepted
1553011780097	Marionette	DEBUG	Resetting recommended pref dom.disable_beforeunload
1553011780097	Marionette	DEBUG	Resetting recommended pref dom.disable_open_during_load
1553011780097	Marionette	DEBUG	Resetting recommended pref dom.file.createInChild
1553011780097	Marionette	DEBUG	Resetting recommended pref dom.max_chrome_script_run_time
1553011780097	Marionette	DEBUG	Resetting recommended pref dom.max_script_run_time
1553011780098	Marionette	DEBUG	Resetting recommended pref extensions.getAddons.cache.enabled
1553011780098	Marionette	DEBUG	Resetting recommended pref extensions.webservice.discoverURL
1553011780098	Marionette	DEBUG	Resetting recommended pref network.http.prompt-temp-redirect
1553011780098	Marionette	DEBUG	Resetting recommended pref network.http.speculative-parallel-limit
1553011780098	Marionette	DEBUG	Resetting recommended pref security.fileuri.strict_origin_policy
1553011780098	Marionette	DEBUG	Resetting recommended pref security.notification_enable_delay
1553011780098	Marionette	DEBUG	Resetting recommended pref signon.autofillForms
1553011780098	Marionette	DEBUG	Resetting recommended pref signon.rememberSignons
1553011780098	Marionette	DEBUG	Resetting recommended pref toolkit.cosmeticAnimations.enabled
1553011780099	Marionette	DEBUG	Remote service is inactive
